<?xml version="1.0" encoding="UTF-8"?>
<testng-results ignored="0" total="1" passed="1" failed="0" skipped="0">
  <reporter-output>
  </reporter-output>
  <suite started-at="2022-02-18T11:15:14 IST" name="Suite" finished-at="2022-02-18T11:15:28 IST" duration-ms="14069">
    <groups>
    </groups>
    <test started-at="2022-02-18T11:15:14 IST" name="Test" finished-at="2022-02-18T11:15:28 IST" duration-ms="14069">
      <class name="testcases.HomePageTest">
        <test-method signature="testIt()[pri:0, instance:testcases.HomePageTest@4d0f2471]" started-at="2022-02-18T11:15:14 IST" name="testIt" finished-at="2022-02-18T11:15:28 IST" duration-ms="14011" status="PASS">
          <reporter-output>
          </reporter-output>
        </test-method> <!-- testIt -->
      </class> <!-- testcases.HomePageTest -->
    </test> <!-- Test -->
  </suite> <!-- Suite -->
</testng-results>
