<?xml version="1.0" encoding="UTF-8"?>
<testng-results ignored="0" total="1" passed="1" failed="0" skipped="0">
  <reporter-output>
  </reporter-output>
  <suite started-at="2022-02-18T12:50:50 IST" name="Default suite" finished-at="2022-02-18T12:51:02 IST" duration-ms="12347">
    <groups>
    </groups>
    <test started-at="2022-02-18T12:50:50 IST" name="Default test" finished-at="2022-02-18T12:51:02 IST" duration-ms="12347">
      <class name="testcases.HomePageTest">
        <test-method signature="testIt()[pri:0, instance:testcases.HomePageTest@1a18644]" started-at="2022-02-18T12:50:50 IST" name="testIt" finished-at="2022-02-18T12:51:02 IST" duration-ms="12294" status="PASS">
          <reporter-output>
          </reporter-output>
        </test-method> <!-- testIt -->
      </class> <!-- testcases.HomePageTest -->
    </test> <!-- Default test -->
  </suite> <!-- Default suite -->
</testng-results>
